[35m[1mConsolidate compiler generated dependencies of target dtv_controller[0m
[ 50%] [32mBuilding CXX object CMakeFiles/dtv_controller.dir/src/dtv_controller.cpp.o[0m
[01m[K/home/beren/dtv_ws/src/dtv_core/src/dtv_controller.cpp:[m[K In constructor â€˜[01m[KController::Controller()[m[Kâ€™:
[01m[K/home/beren/dtv_ws/src/dtv_core/src/dtv_controller.cpp:19:66:[m[K [01;31m[Kerror: [m[Kâ€˜[01m[Kstring[m[Kâ€™ is not a member of â€˜[01m[Kstd_msgs::msg[m[Kâ€™; did you mean â€˜[01m[KString[m[Kâ€™?
   19 |        cmd_vel_pub_ = this->create_publisher<std_msgs::msg::[01;31m[Kstring[m[K>("model/simple_tracked/link/left_track/track_cmd_vel", 10);
      |                                                             [01;31m[K^~~~~~[m[K
      |                                                             [32m[KString[m[K
[01m[K/home/beren/dtv_ws/src/dtv_core/src/dtv_controller.cpp:19:73:[m[K [01;31m[Kerror: [m[Kno matching function for call to â€˜[01m[KController::create_publisher<<expression error> >(const char [51], int)[m[Kâ€™
   19 | cmd_vel_pub_ = [01;31m[Kthis->create_publisher<std_msgs::msg::string>("model/simple_tracked/link/left_track/track_cmd_vel", 10)[m[K;
      |                [01;31m[K~~~~~~~~~~~~~~~~~~~~~~~~~~~~~~~~~~~~~~~~~~~~~^~~~~~~~~~~~~~~~~~~~~~~~~~~~~~~~~~~~~~~~~~~~~~~~~~~~~~~~~~[m[K

In file included from [01m[K/opt/ros/humble/include/rclcpp/rclcpp/executors/single_threaded_executor.hpp:28[m[K,
                 from [01m[K/opt/ros/humble/include/rclcpp/rclcpp/executors.hpp:22[m[K,
                 from [01m[K/opt/ros/humble/include/rclcpp/rclcpp/rclcpp.hpp:155[m[K,
                 from [01m[K/home/beren/dtv_ws/src/dtv_core/src/dtv_controller.cpp:1[m[K:
[01m[K/opt/ros/humble/include/rclcpp/rclcpp/node.hpp:195:3:[m[K [01;36m[Knote: [m[Kcandidate: â€˜[01m[Ktemplate<class MessageT, class AllocatorT, class PublisherT> std::shared_ptr<PublisherT> rclcpp::Node::create_publisher(const string&, const rclcpp::QoS&, const rclcpp::PublisherOptionsWithAllocator<AllocatorT>&)[m[Kâ€™
  195 |   [01;36m[Kcreate_publisher[m[K(
      |   [01;36m[K^~~~~~~~~~~~~~~~[m[K
[01m[K/opt/ros/humble/include/rclcpp/rclcpp/node.hpp:195:3:[m[K [01;36m[Knote: [m[K  template argument deduction/substitution failed:
[01m[K/home/beren/dtv_ws/src/dtv_core/src/dtv_controller.cpp:19:73:[m[K [01;31m[Kerror: [m[Ktemplate argument 1 is invalid
   19 | cmd_vel_pub_ = [01;31m[Kthis->create_publisher<std_msgs::msg::string>("model/simple_tracked/link/left_track/track_cmd_vel", 10)[m[K;
      |                [01;31m[K~~~~~~~~~~~~~~~~~~~~~~~~~~~~~~~~~~~~~~~~~~~~~^~~~~~~~~~~~~~~~~~~~~~~~~~~~~~~~~~~~~~~~~~~~~~~~~~~~~~~~~~[m[K

[01m[K/home/beren/dtv_ws/src/dtv_core/src/dtv_controller.cpp:[m[K In member function â€˜[01m[Kvoid Controller::timerCallback()[m[Kâ€™:
[01m[K/home/beren/dtv_ws/src/dtv_core/src/dtv_controller.cpp:30:43:[m[K [01;31m[Kerror: [m[Kâ€˜[01m[Kstring[m[Kâ€™ is not a member of â€˜[01m[Kstd_msgs::msg[m[Kâ€™; did you mean â€˜[01m[KString[m[Kâ€™?
   30 |             auto message = std_msgs::msg::[01;31m[Kstring[m[K();
      |                                           [01;31m[K^~~~~~[m[K
      |                                           [32m[KString[m[K
gmake[2]: *** [CMakeFiles/dtv_controller.dir/build.make:76: CMakeFiles/dtv_controller.dir/src/dtv_controller.cpp.o] Error 1
gmake[1]: *** [CMakeFiles/Makefile2:137: CMakeFiles/dtv_controller.dir/all] Error 2
gmake: *** [Makefile:146: all] Error 2
