[35m[1mConsolidate compiler generated dependencies of target dtv_controller[0m
[ 50%] [32mBuilding CXX object CMakeFiles/dtv_controller.dir/src/dtv_controller.cpp.o[0m
[01m[K/home/beren/dtv_ws/src/dtv_core/src/dtv_controller.cpp:37:50:[m[K [01;31m[Kerror: [m[Ktemplate argument 1 is invalid
   37 |  rclcpp::Publisher<geometry_msgs/msg/Twist[01;31m[K>[m[K::SharedPtr cmd_vel_pub_;
      |                                           [01;31m[K^[m[K

[01m[K/home/beren/dtv_ws/src/dtv_core/src/dtv_controller.cpp:37:53:[m[K [01;31m[Kerror: [m[Kexpected â€˜[01m[K;[m[Kâ€™ at end of member declaration
   37 | lcpp::Publisher<geometry_msgs/msg/Twist>::[01;31m[KSharedPtr[m[K cmd_vel_pub_;
      |                                           [01;31m[K^~~~~~~~~[m[K
      |                                                    [32m[K;[m[K
[01m[K/home/beren/dtv_ws/src/dtv_core/src/dtv_controller.cpp:37:63:[m[K [01;31m[Kerror: [m[Kâ€˜[01m[Kcmd_vel_pub_[m[Kâ€™ does not name a type
   37 | isher<geometry_msgs/msg/Twist>::SharedPtr [01;31m[Kcmd_vel_pub_[m[K;
      |                                           [01;31m[K^~~~~~~~~~~~[m[K

[01m[K/home/beren/dtv_ws/src/dtv_core/src/dtv_controller.cpp:[m[K In constructor â€˜[01m[KController::Controller()[m[Kâ€™:
[01m[K/home/beren/dtv_ws/src/dtv_core/src/dtv_controller.cpp:19:13:[m[K [01;31m[Kerror: [m[Kâ€˜[01m[Kcmd_vel_pub_[m[Kâ€™ was not declared in this scope
   19 |             [01;31m[Kcmd_vel_pub_[m[K = this->create_publisher<geometry_msgs/msg/Twist>("/model/simple_tracked/cmd_vel", 100);
      |             [01;31m[K^~~~~~~~~~~~[m[K
[01m[K/home/beren/dtv_ws/src/dtv_core/src/dtv_controller.cpp:19:34:[m[K [01;31m[Kerror: [m[Kparse error in template argument list
   19 |             cmd_vel_pub_ = this->[01;31m[Kcreate_publisher<geometry_msgs/msg/Twist>[m[K("/model/simple_tracked/cmd_vel", 100);
      |                                  [01;31m[K^~~~~~~~~~~~~~~~~~~~~~~~~~~~~~~~~~~~~~~~~[m[K
[01m[K/home/beren/dtv_ws/src/dtv_core/src/dtv_controller.cpp:19:75:[m[K [01;31m[Kerror: [m[Kno matching function for call to â€˜[01m[KController::create_publisher<<expression error> >(const char [30], int)[m[Kâ€™
   19 | [01;31m[K>create_publisher<geometry_msgs/msg/Twist>("/model/simple_tracked/cmd_vel", 100)[m[K;
      | [01;31m[K~~~~~~~~~~~~~~~~~~~~~~~~~~~~~~~~~~~~~~~~~~^~~~~~~~~~~~~~~~~~~~~~~~~~~~~~~~~~~~~~[m[K

In file included from [01m[K/opt/ros/humble/include/rclcpp/rclcpp/executors/single_threaded_executor.hpp:28[m[K,
                 from [01m[K/opt/ros/humble/include/rclcpp/rclcpp/executors.hpp:22[m[K,
                 from [01m[K/opt/ros/humble/include/rclcpp/rclcpp/rclcpp.hpp:155[m[K,
                 from [01m[K/home/beren/dtv_ws/src/dtv_core/src/dtv_controller.cpp:1[m[K:
[01m[K/opt/ros/humble/include/rclcpp/rclcpp/node.hpp:195:3:[m[K [01;36m[Knote: [m[Kcandidate: â€˜[01m[Ktemplate<class MessageT, class AllocatorT, class PublisherT> std::shared_ptr<PublisherT> rclcpp::Node::create_publisher(const string&, const rclcpp::QoS&, const rclcpp::PublisherOptionsWithAllocator<AllocatorT>&)[m[Kâ€™
  195 |   [01;36m[Kcreate_publisher[m[K(
      |   [01;36m[K^~~~~~~~~~~~~~~~[m[K
[01m[K/opt/ros/humble/include/rclcpp/rclcpp/node.hpp:195:3:[m[K [01;36m[Knote: [m[K  template argument deduction/substitution failed:
[01m[K/home/beren/dtv_ws/src/dtv_core/src/dtv_controller.cpp:19:75:[m[K [01;31m[Kerror: [m[Ktemplate argument 1 is invalid
   19 | [01;31m[K>create_publisher<geometry_msgs/msg/Twist>("/model/simple_tracked/cmd_vel", 100)[m[K;
      | [01;31m[K~~~~~~~~~~~~~~~~~~~~~~~~~~~~~~~~~~~~~~~~~~^~~~~~~~~~~~~~~~~~~~~~~~~~~~~~~~~~~~~~[m[K

[01m[K/home/beren/dtv_ws/src/dtv_core/src/dtv_controller.cpp:[m[K In member function â€˜[01m[Kvoid Controller::timerCallback()[m[Kâ€™:
[01m[K/home/beren/dtv_ws/src/dtv_core/src/dtv_controller.cpp:33:13:[m[K [01;31m[Kerror: [m[Kâ€˜[01m[Kcmd_vel_pub_[m[Kâ€™ was not declared in this scope
   33 |             [01;31m[Kcmd_vel_pub_[m[K->publish(cmd_vel);
      |             [01;31m[K^~~~~~~~~~~~[m[K
gmake[2]: *** [CMakeFiles/dtv_controller.dir/build.make:76: CMakeFiles/dtv_controller.dir/src/dtv_controller.cpp.o] Error 1
gmake[1]: *** [CMakeFiles/Makefile2:137: CMakeFiles/dtv_controller.dir/all] Error 2
gmake: *** [Makefile:146: all] Error 2
