[0.010s] Invoking command in '/home/beren/dtv_ws/build/dtv_core': CMAKE_PREFIX_PATH=${CMAKE_PREFIX_PATH}:/opt/ros/humble /usr/bin/cmake --build /home/beren/dtv_ws/build/dtv_core -- -j16 -l16
[0.053s] [35m[1mConsolidate compiler generated dependencies of target dtv_controller[0m
[0.070s] [ 50%] [32mBuilding CXX object CMakeFiles/dtv_controller.dir/src/dtv_controller.cpp.o[0m
[2.019s] [01m[K/home/beren/dtv_ws/src/dtv_core/src/dtv_controller.cpp:[m[K In member function â€˜[01m[Kvoid Controller::timerCallback()[m[Kâ€™:
[2.019s] [01m[K/home/beren/dtv_ws/src/dtv_core/src/dtv_controller.cpp:33:62:[m[K [01;31m[Kerror: [m[Kâ€˜[01m[Kstd::chrono::milliseconds[m[Kâ€™ {aka â€˜[01m[Kstd::chrono::duration<long int, std::ratio<1, 1000> >[m[Kâ€™} is not a template
[2.019s]    33 |            double dt = (current_time - prev_time).to_chrono<[01;31m[Kstd[m[K::chrono::milliseconds<double>>() / 1.0s;
[2.019s]       |                                                             [01;31m[K^~~[m[K
[2.019s] 
[2.019s] [01m[K/home/beren/dtv_ws/src/dtv_core/src/dtv_controller.cpp:33:101:[m[K [01;31m[Kerror: [m[Kunable to find numeric literal operator â€˜[01m[Koperator""s[m[Kâ€™
[2.019s]    33 | ime - prev_time).to_chrono<std::chrono::milliseconds<double>>() / [01;31m[K1.0s[m[K;
[2.019s]       |                                                                   [01;31m[K^~~~[m[K
[2.019s] 
[3.747s] gmake[2]: *** [CMakeFiles/dtv_controller.dir/build.make:76: CMakeFiles/dtv_controller.dir/src/dtv_controller.cpp.o] Error 1
[3.747s] gmake[1]: *** [CMakeFiles/Makefile2:137: CMakeFiles/dtv_controller.dir/all] Error 2
[3.748s] gmake: *** [Makefile:146: all] Error 2
[3.750s] Invoked command in '/home/beren/dtv_ws/build/dtv_core' returned '2': CMAKE_PREFIX_PATH=${CMAKE_PREFIX_PATH}:/opt/ros/humble /usr/bin/cmake --build /home/beren/dtv_ws/build/dtv_core -- -j16 -l16
