[35m[1mConsolidate compiler generated dependencies of target dtv_controller[0m
[ 50%] [32mBuilding CXX object CMakeFiles/dtv_controller.dir/src/dtv_controller.cpp.o[0m
[01m[K/home/beren/dtv_ws/src/dtv_core/src/dtv_controller.cpp:[m[K In constructor â€˜[01m[KController::Controller()[m[Kâ€™:
[01m[K/home/beren/dtv_ws/src/dtv_core/src/dtv_controller.cpp:22:39:[m[K [01;31m[Kerror: [m[Kâ€˜[01m[Know[m[Kâ€™ is not a member of â€˜[01m[Krclcpp::Time[m[Kâ€™
   22 |             prev_time = rclcpp::Time::[01;31m[Know[m[K();
      |                                       [01;31m[K^~~[m[K
[01m[K/home/beren/dtv_ws/src/dtv_core/src/dtv_controller.cpp:[m[K In member function â€˜[01m[Kvoid Controller::timerCallback()[m[Kâ€™:
[01m[K/home/beren/dtv_ws/src/dtv_core/src/dtv_controller.cpp:32:42:[m[K [01;31m[Kerror: [m[Kâ€˜[01m[Know[m[Kâ€™ is not a member of â€˜[01m[Krclcpp::Time[m[Kâ€™
   32 |             current_time = rclcpp::Time::[01;31m[Know[m[K();
      |                                          [01;31m[K^~~[m[K
gmake[2]: *** [CMakeFiles/dtv_controller.dir/build.make:76: CMakeFiles/dtv_controller.dir/src/dtv_controller.cpp.o] Error 1
gmake[1]: *** [CMakeFiles/Makefile2:137: CMakeFiles/dtv_controller.dir/all] Error 2
gmake: *** [Makefile:146: all] Error 2
