[0.010s] Invoking command in '/home/beren/dtv_ws/build/dtv_core': CMAKE_PREFIX_PATH=${CMAKE_PREFIX_PATH}:/opt/ros/humble /usr/bin/cmake --build /home/beren/dtv_ws/build/dtv_core -- -j16 -l16
[0.054s] [35m[1mConsolidate compiler generated dependencies of target dtv_controller[0m
[0.070s] [ 50%] [32mBuilding CXX object CMakeFiles/dtv_controller.dir/src/dtv_controller.cpp.o[0m
[2.119s] [01m[K/home/beren/dtv_ws/src/dtv_core/src/dtv_controller.cpp:[m[K In constructor â€˜[01m[KController::Controller()[m[Kâ€™:
[2.119s] [01m[K/home/beren/dtv_ws/src/dtv_core/src/dtv_controller.cpp:22:25:[m[K [01;31m[Kerror: [m[Kâ€˜[01m[KTime[m[Kâ€™ has not been declared
[2.119s]    22 |             prev_time = [01;31m[KTime[m[K::now();
[2.119s]       |                         [01;31m[K^~~~[m[K
[2.119s] [01m[K/home/beren/dtv_ws/src/dtv_core/src/dtv_controller.cpp:[m[K In member function â€˜[01m[Kvoid Controller::timerCallback()[m[Kâ€™:
[2.119s] [01m[K/home/beren/dtv_ws/src/dtv_core/src/dtv_controller.cpp:32:28:[m[K [01;31m[Kerror: [m[Kâ€˜[01m[KTime[m[Kâ€™ has not been declared
[2.119s]    32 |             current_time = [01;31m[KTime[m[K::now();
[2.119s]       |                            [01;31m[K^~~~[m[K
[3.839s] gmake[2]: *** [CMakeFiles/dtv_controller.dir/build.make:76: CMakeFiles/dtv_controller.dir/src/dtv_controller.cpp.o] Error 1
[3.839s] gmake[1]: *** [CMakeFiles/Makefile2:137: CMakeFiles/dtv_controller.dir/all] Error 2
[3.839s] gmake: *** [Makefile:146: all] Error 2
[3.842s] Invoked command in '/home/beren/dtv_ws/build/dtv_core' returned '2': CMAKE_PREFIX_PATH=${CMAKE_PREFIX_PATH}:/opt/ros/humble /usr/bin/cmake --build /home/beren/dtv_ws/build/dtv_core -- -j16 -l16
