[0.010s] Invoking command in '/home/beren/dtv_ws/build/dtv_core': CMAKE_PREFIX_PATH=${CMAKE_PREFIX_PATH}:/opt/ros/humble /usr/bin/cmake --build /home/beren/dtv_ws/build/dtv_core -- -j16 -l16
[0.053s] [35m[1mConsolidate compiler generated dependencies of target dtv_controller[0m
[0.068s] [ 50%] [32mBuilding CXX object CMakeFiles/dtv_controller.dir/src/dtv_controller.cpp.o[0m
[1.857s] [01m[K/home/beren/dtv_ws/src/dtv_core/src/dtv_controller.cpp:[m[K In member function â€˜[01m[Kvoid Controller::timerCallback()[m[Kâ€™:
[1.857s] [01m[K/home/beren/dtv_ws/src/dtv_core/src/dtv_controller.cpp:33:88:[m[K [01;31m[Kerror: [m[Kunable to find numeric literal operator â€˜[01m[Koperator""s[m[Kâ€™
[1.857s]    33 | dt = (current_time - prev_time).to_chrono<std::chrono::seconds>() / [01;31m[K1s[m[K;
[1.857s]       |                                                                     [01;31m[K^~[m[K
[1.857s] 
[3.574s] gmake[2]: *** [CMakeFiles/dtv_controller.dir/build.make:76: CMakeFiles/dtv_controller.dir/src/dtv_controller.cpp.o] Error 1
[3.574s] gmake[1]: *** [CMakeFiles/Makefile2:137: CMakeFiles/dtv_controller.dir/all] Error 2
[3.574s] gmake: *** [Makefile:146: all] Error 2
[3.577s] Invoked command in '/home/beren/dtv_ws/build/dtv_core' returned '2': CMAKE_PREFIX_PATH=${CMAKE_PREFIX_PATH}:/opt/ros/humble /usr/bin/cmake --build /home/beren/dtv_ws/build/dtv_core -- -j16 -l16
