[01m[K/home/beren/dtv_ws/src/dtv_core/src/dtv_controller.cpp:[m[K In member function â€˜[01m[Kvoid Controller::timerCallback()[m[Kâ€™:
[01m[K/home/beren/dtv_ws/src/dtv_core/src/dtv_controller.cpp:40:13:[m[K [01;31m[Kerror: [m[Kâ€˜[01m[Kprev_time[m[Kâ€™ was not declared in this scope
   40 |             [01;31m[Kprev_time[m[K = current_time;
      |             [01;31m[K^~~~~~~~~[m[K
[01m[K/home/beren/dtv_ws/src/dtv_core/src/dtv_controller.cpp:40:25:[m[K [01;31m[Kerror: [m[Kâ€˜[01m[Kcurrent_time[m[Kâ€™ was not declared in this scope
   40 |             prev_time = [01;31m[Kcurrent_time[m[K;
      |                         [01;31m[K^~~~~~~~~~~~[m[K
gmake[2]: *** [CMakeFiles/dtv_controller.dir/build.make:76: CMakeFiles/dtv_controller.dir/src/dtv_controller.cpp.o] Error 1
gmake[1]: *** [CMakeFiles/Makefile2:137: CMakeFiles/dtv_controller.dir/all] Error 2
gmake: *** [Makefile:146: all] Error 2
