[0.010s] Invoking command in '/home/beren/dtv_ws/build/dtv_core': CMAKE_PREFIX_PATH=${CMAKE_PREFIX_PATH}:/opt/ros/humble /usr/bin/cmake --build /home/beren/dtv_ws/build/dtv_core -- -j16 -l16
[0.052s] [35m[1mConsolidate compiler generated dependencies of target dtv_controller[0m
[0.067s] [ 50%] [32mBuilding CXX object CMakeFiles/dtv_controller.dir/src/dtv_controller.cpp.o[0m
[2.052s] [01m[K/home/beren/dtv_ws/src/dtv_core/src/dtv_controller.cpp:[m[K In member function â€˜[01m[Kvoid Controller::timerCallback()[m[Kâ€™:
[2.052s] [01m[K/home/beren/dtv_ws/src/dtv_core/src/dtv_controller.cpp:40:13:[m[K [01;31m[Kerror: [m[Kâ€˜[01m[Kprev_time[m[Kâ€™ was not declared in this scope
[2.052s]    40 |             [01;31m[Kprev_time[m[K = current_time;
[2.053s]       |             [01;31m[K^~~~~~~~~[m[K
[2.057s] [01m[K/home/beren/dtv_ws/src/dtv_core/src/dtv_controller.cpp:40:25:[m[K [01;31m[Kerror: [m[Kâ€˜[01m[Kcurrent_time[m[Kâ€™ was not declared in this scope
[2.057s]    40 |             prev_time = [01;31m[Kcurrent_time[m[K;
[2.057s]       |                         [01;31m[K^~~~~~~~~~~~[m[K
[3.773s] gmake[2]: *** [CMakeFiles/dtv_controller.dir/build.make:76: CMakeFiles/dtv_controller.dir/src/dtv_controller.cpp.o] Error 1
[3.774s] gmake[1]: *** [CMakeFiles/Makefile2:137: CMakeFiles/dtv_controller.dir/all] Error 2
[3.774s] gmake: *** [Makefile:146: all] Error 2
[3.777s] Invoked command in '/home/beren/dtv_ws/build/dtv_core' returned '2': CMAKE_PREFIX_PATH=${CMAKE_PREFIX_PATH}:/opt/ros/humble /usr/bin/cmake --build /home/beren/dtv_ws/build/dtv_core -- -j16 -l16
